  lv_disp.c
  lv_group.c
  lv_indev.c
  lv_obj.c
  lv_refr.c
  lv_style.c
  lv_draw_arc.c
  lv_draw_blend.c
  lv_draw_img.c
  lv_draw_label.c
  lv_draw_line.c
  lv_draw_mask.c
  lv_draw_rect.c
  lv_draw_triangle.c
  lv_img_buf.c
  lv_img_cache.c
  lv_img_decoder.c
  lv_font.c
  lv_font_dejavu_16_persian_hebrew.c
  lv_font_fmt_txt.c
  lv_font_loader.c
  lv_font_montserrat_12.c
  lv_font_montserrat_12_subpx.c
  lv_font_montserrat_14.c
  lv_font_montserrat_16.c
  lv_font_montserrat_18.c
  lv_font_montserrat_20.c
  lv_font_montserrat_22.c
  lv_font_montserrat_24.c
  lv_font_montserrat_26.c
  lv_font_montserrat_28.c
  lv_font_montserrat_28_compressed.c
  lv_font_montserrat_30.c
  lv_font_montserrat_32.c
  lv_font_montserrat_34.c
  lv_font_montserrat_36.c
  lv_font_montserrat_38.c
  lv_font_montserrat_40.c
  lv_font_montserrat_42.c
  lv_font_montserrat_44.c
  lv_font_montserrat_46.c
  lv_font_montserrat_48.c
  lv_font_simsun_16_cjk.c
  lv_font_unscii_8.c
  lv_gpu_stm32_dma2d.c
  lv_hal_disp.c
  lv_hal_indev.c
  lv_hal_tick.c
  lv_anim.c
  lv_area.c
  lv_async.c
  lv_bidi.c
  lv_color.c
  lv_debug.c
  lv_fs.c
  lv_gc.c
  lv_ll.c
  lv_log.c
  lv_math.c
  lv_mem.c
  lv_printf.c
  lv_task.c
  lv_txt.c
  lv_txt_ap.c
  lv_utils.c
  lv_theme.c
  lv_theme_empty.c
  lv_theme_material.c
  lv_theme_mono.c
  lv_theme_template.c
  lv_arc.c
  lv_bar.c
  lv_btn.c
  lv_btnmatrix.c
  lv_calendar.c
  lv_canvas.c
  lv_chart.c
  lv_checkbox.c
  lv_cont.c
  lv_cpicker.c
  lv_dropdown.c
  lv_gauge.c
  lv_img.c
  lv_imgbtn.c
  lv_keyboard.c
  lv_label.c
  lv_led.c
  lv_line.c
  lv_linemeter.c
  lv_list.c
  lv_msgbox.c
  lv_objmask.c
  lv_objx_templ.c
  lv_page.c
  lv_roller.c
  lv_slider.c
  lv_spinbox.c
  lv_spinner.c
  lv_switch.c
  lv_table.c
  lv_tabview.c
  lv_textarea.c
  lv_tileview.c
  lv_win.c
  lv_test_assert.c
  lv_test_core.c
  lv_test_font_loader.c
  lv_test_obj.c
  lv_test_style.c
  font_1.c
  font_2.c
  font_3.c
  lv_test_main.c
  lv_test_cont.c
  lv_demo_stress.c
  STM32F4_TG.c
  Linking VisualGDB/Debug/STM32F4_TG...
  ------------------- Memory utilization report -------------------
  Used FLASH: 326KB out of 2048KB (15%) [-1308]
  Used SRAM: 146KB out of 192KB (76%) [-12]
  Used CCMRAM: 0 bytes out of 64KB (0%)
