f:\stm32f4_tg\visualgdb\debug\fonts.o
f:\stm32f4_tg\visualgdb\debug\startup_stm32f429xx.o
f:\stm32f4_tg\visualgdb\debug\stm32f429i_discovery_sdram.o
f:\stm32f4_tg\visualgdb\debug\stm32f4xx_ll_adc.o
f:\stm32f4_tg\visualgdb\debug\stm32f4xx_ll_crc.o
f:\stm32f4_tg\visualgdb\debug\stm32f4xx_ll_dac.o
f:\stm32f4_tg\visualgdb\debug\stm32f4xx_ll_dma.o
f:\stm32f4_tg\visualgdb\debug\stm32f4xx_ll_dma2d.o
f:\stm32f4_tg\visualgdb\debug\stm32f4xx_ll_exti.o
f:\stm32f4_tg\visualgdb\debug\stm32f4xx_ll_fmc.o
f:\stm32f4_tg\visualgdb\debug\stm32f4xx_ll_fmpi2c.o
f:\stm32f4_tg\visualgdb\debug\stm32f4xx_ll_fsmc.o
f:\stm32f4_tg\visualgdb\debug\stm32f4xx_ll_gpio.o
f:\stm32f4_tg\visualgdb\debug\stm32f4xx_ll_i2c.o
f:\stm32f4_tg\visualgdb\debug\stm32f4xx_ll_lptim.o
f:\stm32f4_tg\visualgdb\debug\stm32f4xx_ll_pwr.o
f:\stm32f4_tg\visualgdb\debug\stm32f4xx_ll_rcc.o
f:\stm32f4_tg\visualgdb\debug\stm32f4xx_ll_rng.o
f:\stm32f4_tg\visualgdb\debug\stm32f4xx_ll_rtc.o
f:\stm32f4_tg\visualgdb\debug\stm32f4xx_ll_sdmmc.o
f:\stm32f4_tg\visualgdb\debug\stm32f4xx_ll_spi.o
f:\stm32f4_tg\visualgdb\debug\stm32f4xx_ll_tim.o
f:\stm32f4_tg\visualgdb\debug\stm32f4xx_ll_usart.o
f:\stm32f4_tg\visualgdb\debug\stm32f4xx_ll_utils.o
f:\stm32f4_tg\visualgdb\debug\stm32f4xx_ltdc.o
f:\stm32f4_tg\visualgdb\debug\stm32f4_tg.o
f:\stm32f4_tg\visualgdb\debug\system_stm32f4xx.o
f:\stm32f4_tg\visualgdb\debug\fonts.dep
f:\stm32f4_tg\visualgdb\debug\startup_stm32f429xx.dep
f:\stm32f4_tg\visualgdb\debug\stm32f429i_discovery_sdram.dep
f:\stm32f4_tg\visualgdb\debug\stm32f4xx_fmc.dep
f:\stm32f4_tg\visualgdb\debug\stm32f4xx_ll_adc.dep
f:\stm32f4_tg\visualgdb\debug\stm32f4xx_ll_crc.dep
f:\stm32f4_tg\visualgdb\debug\stm32f4xx_ll_dac.dep
f:\stm32f4_tg\visualgdb\debug\stm32f4xx_ll_dma.dep
f:\stm32f4_tg\visualgdb\debug\stm32f4xx_ll_dma2d.dep
f:\stm32f4_tg\visualgdb\debug\stm32f4xx_ll_exti.dep
f:\stm32f4_tg\visualgdb\debug\stm32f4xx_ll_fmc.dep
f:\stm32f4_tg\visualgdb\debug\stm32f4xx_ll_fmpi2c.dep
f:\stm32f4_tg\visualgdb\debug\stm32f4xx_ll_fsmc.dep
f:\stm32f4_tg\visualgdb\debug\stm32f4xx_ll_gpio.dep
f:\stm32f4_tg\visualgdb\debug\stm32f4xx_ll_i2c.dep
f:\stm32f4_tg\visualgdb\debug\stm32f4xx_ll_lptim.dep
f:\stm32f4_tg\visualgdb\debug\stm32f4xx_ll_pwr.dep
f:\stm32f4_tg\visualgdb\debug\stm32f4xx_ll_rcc.dep
f:\stm32f4_tg\visualgdb\debug\stm32f4xx_ll_rng.dep
f:\stm32f4_tg\visualgdb\debug\stm32f4xx_ll_rtc.dep
f:\stm32f4_tg\visualgdb\debug\stm32f4xx_ll_sdmmc.dep
f:\stm32f4_tg\visualgdb\debug\stm32f4xx_ll_spi.dep
f:\stm32f4_tg\visualgdb\debug\stm32f4xx_ll_tim.dep
f:\stm32f4_tg\visualgdb\debug\stm32f4xx_ll_usart.dep
f:\stm32f4_tg\visualgdb\debug\stm32f4xx_ll_utils.dep
f:\stm32f4_tg\visualgdb\debug\stm32f4xx_ltdc.dep
f:\stm32f4_tg\visualgdb\debug\stm32f4_tg.dep
f:\stm32f4_tg\visualgdb\debug\system_stm32f4xx.dep
f:\stm32f4_tg\visualgdb\debug\stm32f4_tg.link.rsp
f:\stm32f4_tg\visualgdb\debug\stm32f4_tg.alldeps
f:\stm32f4_tg\visualgdb\debug\fonts.gcc.rsp
f:\stm32f4_tg\visualgdb\debug\startup_stm32f429xx.gcc.rsp
f:\stm32f4_tg\visualgdb\debug\stm32f429i_discovery_sdram.gcc.rsp
f:\stm32f4_tg\visualgdb\debug\stm32f4xx_fmc.gcc.rsp
f:\stm32f4_tg\visualgdb\debug\stm32f4xx_ll_adc.gcc.rsp
f:\stm32f4_tg\visualgdb\debug\stm32f4xx_ll_crc.gcc.rsp
f:\stm32f4_tg\visualgdb\debug\stm32f4xx_ll_dac.gcc.rsp
f:\stm32f4_tg\visualgdb\debug\stm32f4xx_ll_dma.gcc.rsp
f:\stm32f4_tg\visualgdb\debug\stm32f4xx_ll_dma2d.gcc.rsp
f:\stm32f4_tg\visualgdb\debug\stm32f4xx_ll_exti.gcc.rsp
f:\stm32f4_tg\visualgdb\debug\stm32f4xx_ll_fmc.gcc.rsp
f:\stm32f4_tg\visualgdb\debug\stm32f4xx_ll_fmpi2c.gcc.rsp
f:\stm32f4_tg\visualgdb\debug\stm32f4xx_ll_fsmc.gcc.rsp
f:\stm32f4_tg\visualgdb\debug\stm32f4xx_ll_gpio.gcc.rsp
f:\stm32f4_tg\visualgdb\debug\stm32f4xx_ll_i2c.gcc.rsp
f:\stm32f4_tg\visualgdb\debug\stm32f4xx_ll_lptim.gcc.rsp
f:\stm32f4_tg\visualgdb\debug\stm32f4xx_ll_pwr.gcc.rsp
f:\stm32f4_tg\visualgdb\debug\stm32f4xx_ll_rcc.gcc.rsp
f:\stm32f4_tg\visualgdb\debug\stm32f4xx_ll_rng.gcc.rsp
f:\stm32f4_tg\visualgdb\debug\stm32f4xx_ll_rtc.gcc.rsp
f:\stm32f4_tg\visualgdb\debug\stm32f4xx_ll_sdmmc.gcc.rsp
f:\stm32f4_tg\visualgdb\debug\stm32f4xx_ll_spi.gcc.rsp
f:\stm32f4_tg\visualgdb\debug\stm32f4xx_ll_tim.gcc.rsp
f:\stm32f4_tg\visualgdb\debug\stm32f4xx_ll_usart.gcc.rsp
f:\stm32f4_tg\visualgdb\debug\stm32f4xx_ll_utils.gcc.rsp
f:\stm32f4_tg\visualgdb\debug\stm32f4xx_ltdc.gcc.rsp
f:\stm32f4_tg\visualgdb\debug\stm32f4_tg.gcc.rsp
f:\stm32f4_tg\visualgdb\debug\system_stm32f4xx.gcc.rsp
